# JRE version: OpenJDK Runtime Environment Microsoft-14940689 (17.0.20.1+1) (build 17.0.20.1+1-LTS)
# Java VM: OpenJDK 64-Bit Server VM Microsoft-14940689 (17.0.20.1+1-LTS, mixed mode, sharing, tiered, compressed oops, compressed class ptrs, g1 gc, windows-amd64)
GC Precious Log:
 CPUs: 12 total, 12 available
 Memory: 16055M
 Large Page Support: Disabled
 NUMA Support: Disabled
 Compressed Oops: Enabled (Zero based)
 Heap Region Size: 2M
 Heap Min Capacity: 8M
 Heap Initial Capacity: 252M
 Heap Max Capacity: 4014M
 Pre-touch: Disabled
 Parallel Workers: 10
 Concurrent Workers: 3
 Concurrent Refinement Workers: 10
 Periodic GC: Disabled
Heap:
 garbage-first heap   total 260096K, used 131825K [0x0000000705200000, 0x0000000800000000)
  region size 2048K, 7 young (14336K), 5 survivors (10240K)
 Metaspace       used 89629K, committed 89920K, reserved 1179648K
  class space    used 9146K, committed 9280K, reserved 1048576K
GC Heap History (20 events):
Event: 30.166 GC heap before
{Heap before GC invocations=14 (full 0):
 garbage-first heap   total 118784K, used 86617K [0x0000000705200000, 0x0000000800000000)
  region size 2048K, 19 young (38912K), 3 survivors (6144K)
 Metaspace       used 52085K, committed 52288K, reserved 1114112K
  class space    used 6042K, committed 6144K, reserved 1048576K
}
Event: 30.212 GC heap after
{Heap after GC invocations=15 (full 0):
 garbage-first heap   total 118784K, used 60909K [0x0000000705200000, 0x0000000800000000)
  region size 2048K, 3 young (6144K), 3 survivors (6144K)
 Metaspace       used 52085K, committed 52288K, reserved 1114112K
  class space    used 6042K, committed 6144K, reserved 1048576K
}
Event: 32.366 GC heap before
{Heap before GC invocations=15 (full 0):
 garbage-first heap   total 118784K, used 89581K [0x0000000705200000, 0x0000000800000000)
  region size 2048K, 17 young (34816K), 3 survivors (6144K)
 Metaspace       used 53779K, committed 54080K, reserved 1114112K
  class space    used 6166K, committed 6272K, reserved 1048576K
}
Event: 32.404 GC heap after
{Heap after GC invocations=16 (full 0):
 garbage-first heap   total 118784K, used 67343K [0x0000000705200000, 0x0000000800000000)
  region size 2048K, 3 young (6144K), 3 survivors (6144K)
 Metaspace       used 53779K, committed 54080K, reserved 1114112K
  class space    used 6166K, committed 6272K, reserved 1048576K
}
Event: 35.058 GC heap before
{Heap before GC invocations=17 (full 0):
 garbage-first heap   total 118784K, used 91919K [0x0000000705200000, 0x0000000800000000)
  region size 2048K, 15 young (30720K), 3 survivors (6144K)
 Metaspace       used 54679K, committed 55040K, reserved 1114112K
  class space    used 6239K, committed 6400K, reserved 1048576K
}
Event: 35.090 GC heap after
{Heap after GC invocations=18 (full 0):
 garbage-first heap   total 118784K, used 71438K [0x0000000705200000, 0x0000000800000000)
  region size 2048K, 2 young (4096K), 2 survivors (4096K)
 Metaspace       used 54679K, committed 55040K, reserved 1114112K
  class space    used 6239K, committed 6400K, reserved 1048576K
}
Event: 36.702 GC heap before
{Heap before GC invocations=18 (full 0):
 garbage-first heap   total 118784K, used 91918K [0x0000000705200000, 0x0000000800000000)
  region size 2048K, 12 young (24576K), 2 survivors (4096K)
 Metaspace       used 55157K, committed 55488K, reserved 1114112K
  class space    used 6266K, committed 6400K, reserved 1048576K
}
Event: 36.725 GC heap after
{Heap after GC invocations=19 (full 0):
 garbage-first heap   total 264192K, used 74142K [0x0000000705200000, 0x0000000800000000)
  region size 2048K, 2 young (4096K), 2 survivors (4096K)
 Metaspace       used 55157K, committed 55488K, reserved 1114112K
  class space    used 6266K, committed 6400K, reserved 1048576K
}
Event: 44.015 GC heap before
{Heap before GC invocations=20 (full 0):
 garbage-first heap   total 260096K, used 188830K [0x0000000705200000, 0x0000000800000000)
  region size 2048K, 58 young (118784K), 2 survivors (4096K)
 Metaspace       used 56675K, committed 56960K, reserved 1114112K
  class space    used 6369K, committed 6528K, reserved 1048576K
}
Event: 44.040 GC heap after
{Heap after GC invocations=21 (full 0):
 garbage-first heap   total 260096K, used 85732K [0x0000000705200000, 0x0000000800000000)
  region size 2048K, 7 young (14336K), 7 survivors (14336K)
 Metaspace       used 56675K, committed 56960K, reserved 1114112K
  class space    used 6369K, committed 6528K, reserved 1048576K
}
Event: 58.812 GC heap before
{Heap before GC invocations=21 (full 0):
 garbage-first heap   total 260096K, used 190180K [0x0000000705200000, 0x0000000800000000)
  region size 2048K, 58 young (118784K), 7 survivors (14336K)
 Metaspace       used 61842K, committed 62144K, reserved 1114112K
  class space    used 6715K, committed 6848K, reserved 1048576K
}
Event: 58.837 GC heap after
{Heap after GC invocations=22 (full 0):
 garbage-first heap   total 260096K, used 91488K [0x0000000705200000, 0x0000000800000000)
  region size 2048K, 3 young (6144K), 3 survivors (6144K)
 Metaspace       used 61842K, committed 62144K, reserved 1114112K
  class space    used 6715K, committed 6848K, reserved 1048576K
}
Event: 66.363 GC heap before
{Heap before GC invocations=22 (full 0):
 garbage-first heap   total 260096K, used 197984K [0x0000000705200000, 0x0000000800000000)
  region size 2048K, 55 young (112640K), 3 survivors (6144K)
 Metaspace       used 69935K, committed 70272K, reserved 1114112K
  class space    used 7382K, committed 7552K, reserved 1048576K
}
Event: 66.393 GC heap after
{Heap after GC invocations=23 (full 0):
 garbage-first heap   total 260096K, used 107542K [0x0000000705200000, 0x0000000800000000)
  region size 2048K, 7 young (14336K), 7 survivors (14336K)
 Metaspace       used 69935K, committed 70272K, reserved 1114112K
  class space    used 7382K, committed 7552K, reserved 1048576K
}
Event: 72.192 GC heap before
{Heap before GC invocations=23 (full 0):
 garbage-first heap   total 260096K, used 199702K [0x0000000705200000, 0x0000000800000000)
  region size 2048K, 52 young (106496K), 7 survivors (14336K)
 Metaspace       used 78189K, committed 78528K, reserved 1179648K
  class space    used 8278K, committed 8448K, reserved 1048576K
}
Event: 72.232 GC heap after
{Heap after GC invocations=24 (full 0):
 garbage-first heap   total 260096K, used 121362K [0x0000000705200000, 0x0000000800000000)
  region size 2048K, 7 young (14336K), 7 survivors (14336K)
 Metaspace       used 78189K, committed 78528K, reserved 1179648K
  class space    used 8278K, committed 8448K, reserved 1048576K
}
Event: 77.675 GC heap before
{Heap before GC invocations=24 (full 0):
 garbage-first heap   total 260096K, used 203282K [0x0000000705200000, 0x0000000800000000)
  region size 2048K, 47 young (96256K), 7 survivors (14336K)
 Metaspace       used 83017K, committed 83392K, reserved 1179648K
  class space    used 8647K, committed 8832K, reserved 1048576K
}
Event: 77.697 GC heap after
{Heap after GC invocations=25 (full 0):
 garbage-first heap   total 260096K, used 125389K [0x0000000705200000, 0x0000000800000000)
  region size 2048K, 3 young (6144K), 3 survivors (6144K)
 Metaspace       used 83017K, committed 83392K, reserved 1179648K
  class space    used 8647K, committed 8832K, reserved 1048576K
}
Event: 84.362 GC heap before
{Heap before GC invocations=25 (full 0):
 garbage-first heap   total 260096K, used 207309K [0x0000000705200000, 0x0000000800000000)
  region size 2048K, 43 young (88064K), 3 survivors (6144K)
 Metaspace       used 89595K, committed 89920K, reserved 1179648K
  class space    used 9146K, committed 9280K, reserved 1048576K
}
Event: 84.383 GC heap after
{Heap after GC invocations=26 (full 0):
 garbage-first heap   total 260096K, used 129777K [0x0000000705200000, 0x0000000800000000)
  region size 2048K, 5 young (10240K), 5 survivors (10240K)
 Metaspace       used 89595K, committed 89920K, reserved 1179648K
  class space    used 9146K, committed 9280K, reserved 1048576K
}

